kernel=linear,gamma=0.1,C=0.1 => f1=0.7783783783783784,accuracy=92.55222524977293%
kernel=linear,gamma=0.1,C=1 => f1=0.862155388471178,accuracy=95.00454132606721%
kernel=linear,gamma=0.1,C=10 => f1=0.8542713567839197,accuracy=94.73206176203452%
kernel=linear,gamma=0.1,C=100 => f1=0.8556962025316456,accuracy=94.82288828337875%
kernel=linear,gamma=1,C=0.1 => f1=0.11304347826086955,accuracy=81.47138964577657%
kernel=linear,gamma=1,C=1 => f1=0.39855072463768115,accuracy=84.9227974568574%
kernel=linear,gamma=1,C=10 => f1=0.43262411347517726,accuracy=85.4677565849228%
kernel=linear,gamma=1,C=100 => f1=0.43262411347517726,accuracy=85.4677565849228%
kernel=linear,gamma=10,C=0.1 => f1=0.0,accuracy=80.29064486830154%
kernel=linear,gamma=10,C=1 => f1=0.22764227642276422,accuracy=82.74296094459582%
kernel=linear,gamma=10,C=10 => f1=0.22764227642276422,accuracy=82.74296094459582%
kernel=linear,gamma=10,C=100 => f1=0.22764227642276422,accuracy=82.74296094459582%
kernel=linear,gamma=100,C=0.1 => f1=0.0,accuracy=80.29064486830154%
kernel=linear,gamma=100,C=1 => f1=0.22764227642276422,accuracy=82.74296094459582%
kernel=linear,gamma=100,C=10 => f1=0.22764227642276422,accuracy=82.74296094459582%
kernel=linear,gamma=100,C=100 => f1=0.22764227642276422,accuracy=82.74296094459582%
kernel=linear,C=0.1 => f1=0.9131403118040089,accuracy=96.45776566757493%
kernel=linear,C=1 => f1=0.8943820224719101,accuracy=95.73115349682108%
kernel=linear,C=10 => f1=0.8713318284424378,accuracy=94.82288828337875%
kernel=linear,C=100 => f1=0.8292682926829268,accuracy=93.00635785649409%
kernel=poly,gamma=0.1,C=0.1,degree=1 => f1=0.0,accuracy=80.29064486830154%
kernel=poly,gamma=0.1,C=1,degree=1 => f1=0.5741324921135648,accuracy=87.73841961852861%
kernel=poly,gamma=0.1,C=10,degree=1 => f1=0.9014084507042254,accuracy=96.18528610354224%
kernel=poly,gamma=0.1,C=100,degree=1 => f1=0.9164785553047403,accuracy=96.63941871026339%
kernel=poly,gamma=1,C=0.1,degree=1 => f1=0.0,accuracy=80.29064486830154%
kernel=poly,gamma=1,C=1,degree=1 => f1=0.5741324921135648,accuracy=87.73841961852861%
kernel=poly,gamma=1,C=10,degree=1 => f1=0.9014084507042254,accuracy=96.18528610354224%
kernel=poly,gamma=1,C=100,degree=1 => f1=0.9164785553047403,accuracy=96.63941871026339%
kernel=poly,gamma=10,C=0.1,degree=1 => f1=0.0,accuracy=80.29064486830154%
kernel=poly,gamma=10,C=1,degree=1 => f1=0.5741324921135648,accuracy=87.73841961852861%
kernel=poly,gamma=10,C=10,degree=1 => f1=0.9014084507042254,accuracy=96.18528610354224%
kernel=poly,gamma=10,C=100,degree=1 => f1=0.9164785553047403,accuracy=96.63941871026339%
kernel=poly,gamma=100,C=0.1,degree=1 => f1=0.0,accuracy=80.29064486830154%
kernel=poly,gamma=100,C=1,degree=1 => f1=0.5741324921135648,accuracy=87.73841961852861%
kernel=poly,gamma=100,C=10,degree=1 => f1=0.9014084507042254,accuracy=96.18528610354224%
kernel=poly,gamma=100,C=100,degree=1 => f1=0.9164785553047403,accuracy=96.63941871026339%
kernel=poly,gamma=0.1,C=0.1,degree=2 => f1=0.0,accuracy=80.29064486830154%
kernel=poly,gamma=0.1,C=1,degree=2 => f1=0.0,accuracy=80.29064486830154%
kernel=poly,gamma=0.1,C=10,degree=2 => f1=0.0,accuracy=80.29064486830154%
kernel=poly,gamma=0.1,C=100,degree=2 => f1=0.16033755274261605,accuracy=81.92552225249773%
kernel=poly,gamma=1,C=0.1,degree=2 => f1=0.0,accuracy=80.29064486830154%
kernel=poly,gamma=1,C=1,degree=2 => f1=0.0,accuracy=80.29064486830154%
kernel=poly,gamma=1,C=10,degree=2 => f1=0.0,accuracy=80.29064486830154%
kernel=poly,gamma=1,C=100,degree=2 => f1=0.16033755274261605,accuracy=81.92552225249773%
kernel=poly,gamma=10,C=0.1,degree=2 => f1=0.0,accuracy=80.29064486830154%
kernel=poly,gamma=10,C=1,degree=2 => f1=0.0,accuracy=80.29064486830154%
kernel=poly,gamma=10,C=10,degree=2 => f1=0.0,accuracy=80.29064486830154%
kernel=poly,gamma=10,C=100,degree=2 => f1=0.16033755274261605,accuracy=81.92552225249773%
kernel=poly,gamma=100,C=0.1,degree=2 => f1=0.0,accuracy=80.29064486830154%
kernel=poly,gamma=100,C=1,degree=2 => f1=0.0,accuracy=80.29064486830154%
kernel=poly,gamma=100,C=10,degree=2 => f1=0.0,accuracy=80.29064486830154%
kernel=poly,gamma=100,C=100,degree=2 => f1=0.16033755274261605,accuracy=81.92552225249773%
kernel=poly,gamma=0.1,C=0.1,degree=3 => f1=0.0,accuracy=80.29064486830154%
kernel=poly,gamma=0.1,C=1,degree=3 => f1=0.0,accuracy=80.29064486830154%
kernel=poly,gamma=0.1,C=10,degree=3 => f1=0.0,accuracy=80.29064486830154%
kernel=poly,gamma=0.1,C=100,degree=3 => f1=0.0,accuracy=80.29064486830154%
kernel=poly,gamma=1,C=0.1,degree=3 => f1=0.0,accuracy=80.29064486830154%
kernel=poly,gamma=1,C=1,degree=3 => f1=0.0,accuracy=80.29064486830154%
kernel=poly,gamma=1,C=10,degree=3 => f1=0.0,accuracy=80.29064486830154%
kernel=poly,gamma=1,C=100,degree=3 => f1=0.0,accuracy=80.29064486830154%
kernel=poly,gamma=10,C=0.1,degree=3 => f1=0.0,accuracy=80.29064486830154%
kernel=poly,gamma=10,C=1,degree=3 => f1=0.0,accuracy=80.29064486830154%
kernel=poly,gamma=10,C=10,degree=3 => f1=0.0,accuracy=80.29064486830154%
kernel=poly,gamma=10,C=100,degree=3 => f1=0.0,accuracy=80.29064486830154%
kernel=poly,gamma=100,C=0.1,degree=3 => f1=0.0,accuracy=80.29064486830154%
kernel=poly,gamma=100,C=1,degree=3 => f1=0.0,accuracy=80.29064486830154%
kernel=poly,gamma=100,C=10,degree=3 => f1=0.0,accuracy=80.29064486830154%
kernel=poly,gamma=100,C=100,degree=3 => f1=0.0,accuracy=80.29064486830154%
kernel=poly,gamma=0.1,C=0.1,degree=4 => f1=0.0,accuracy=80.29064486830154%
kernel=poly,gamma=0.1,C=1,degree=4 => f1=0.0,accuracy=80.29064486830154%
kernel=poly,gamma=0.1,C=10,degree=4 => f1=0.0,accuracy=80.29064486830154%
kernel=poly,gamma=0.1,C=100,degree=4 => f1=0.0,accuracy=80.29064486830154%
kernel=poly,gamma=1,C=0.1,degree=4 => f1=0.0,accuracy=80.29064486830154%
kernel=poly,gamma=1,C=1,degree=4 => f1=0.0,accuracy=80.29064486830154%
kernel=poly,gamma=1,C=10,degree=4 => f1=0.0,accuracy=80.29064486830154%
kernel=poly,gamma=1,C=100,degree=4 => f1=0.0,accuracy=80.29064486830154%
kernel=poly,gamma=10,C=0.1,degree=4 => f1=0.0,accuracy=80.29064486830154%
kernel=poly,gamma=10,C=1,degree=4 => f1=0.0,accuracy=80.29064486830154%
kernel=poly,gamma=10,C=10,degree=4 => f1=0.0,accuracy=80.29064486830154%
kernel=poly,gamma=10,C=100,degree=4 => f1=0.0,accuracy=80.29064486830154%
kernel=poly,gamma=100,C=0.1,degree=4 => f1=0.0,accuracy=80.29064486830154%
kernel=poly,gamma=100,C=1,degree=4 => f1=0.0,accuracy=80.29064486830154%
kernel=poly,gamma=100,C=10,degree=4 => f1=0.0,accuracy=80.29064486830154%
kernel=poly,gamma=100,C=100,degree=4 => f1=0.0,accuracy=80.29064486830154%
/home/tensorflow_venv/lib/python3.5/site-packages/sklearn/metrics/classification.py:1135: UndefinedMetricWarning: F-score is ill-defined and being set to 0.0 due to no predicted samples.
  'precision', 'predicted', average, warn_for)
