kernel=linear,gamma=0.1,C=0.1 => f1=0.5217391304347826,accuracy=88.0108991825613%
kernel=linear,gamma=0.1,C=1 => f1=0.6688102893890676,accuracy=90.64486830154405%
kernel=linear,gamma=0.1,C=10 => f1=0.6794871794871795,accuracy=90.91734786557674%
kernel=linear,gamma=0.1,C=100 => f1=0.6666666666666666,accuracy=90.64486830154405%
kernel=linear,gamma=1,C=0.1 => f1=0.029268292682926828,accuracy=81.92552225249773%
kernel=linear,gamma=1,C=1 => f1=0.25,accuracy=84.19618528610354%
kernel=linear,gamma=1,C=10 => f1=0.28691983122362874,accuracy=84.6503178928247%
kernel=linear,gamma=1,C=100 => f1=0.28691983122362874,accuracy=84.6503178928247%
kernel=linear,gamma=10,C=0.1 => f1=0.029268292682926828,accuracy=81.92552225249773%
kernel=linear,gamma=10,C=1 => f1=0.18749999999999997,accuracy=83.46957311534968%
kernel=linear,gamma=10,C=10 => f1=0.18749999999999997,accuracy=83.46957311534968%
kernel=linear,gamma=10,C=100 => f1=0.18749999999999997,accuracy=83.46957311534968%
kernel=linear,gamma=100,C=0.1 => f1=0.029268292682926828,accuracy=81.92552225249773%
kernel=linear,gamma=100,C=1 => f1=0.18749999999999997,accuracy=83.46957311534968%
kernel=linear,gamma=100,C=10 => f1=0.18749999999999997,accuracy=83.46957311534968%
kernel=linear,gamma=100,C=100 => f1=0.18749999999999997,accuracy=83.46957311534968%
kernel=linear,C=0.1 => f1=0.894736842105263,accuracy=96.00363306085377%
kernel=linear,C=1 => f1=0.8697674418604651,accuracy=94.91371480472299%
kernel=linear,C=10 => f1=0.8200455580865604,accuracy=92.82470481380564%
kernel=linear,C=100 => f1=0.7899543378995435,accuracy=91.64396003633061%
kernel=poly,gamma=0.1,C=0.1,degree=1 => f1=0.34959349593495936,accuracy=85.4677565849228%
kernel=poly,gamma=0.1,C=1,degree=1 => f1=0.738095238095238,accuracy=92.00726612170754%
kernel=poly,gamma=0.1,C=10,degree=1 => f1=0.9,accuracy=96.3669391462307%
kernel=poly,gamma=0.1,C=100,degree=1 => f1=0.8985507246376812,accuracy=96.18528610354224%
kernel=poly,gamma=1,C=0.1,degree=1 => f1=0.34959349593495936,accuracy=85.4677565849228%
kernel=poly,gamma=1,C=1,degree=1 => f1=0.738095238095238,accuracy=92.00726612170754%
kernel=poly,gamma=1,C=10,degree=1 => f1=0.9,accuracy=96.3669391462307%
kernel=poly,gamma=1,C=100,degree=1 => f1=0.8985507246376812,accuracy=96.18528610354224%
kernel=poly,gamma=10,C=0.1,degree=1 => f1=0.34959349593495936,accuracy=85.4677565849228%
kernel=poly,gamma=10,C=1,degree=1 => f1=0.738095238095238,accuracy=92.00726612170754%
kernel=poly,gamma=10,C=10,degree=1 => f1=0.9,accuracy=96.3669391462307%
kernel=poly,gamma=10,C=100,degree=1 => f1=0.8985507246376812,accuracy=96.18528610354224%
kernel=poly,gamma=100,C=0.1,degree=1 => f1=0.34959349593495936,accuracy=85.4677565849228%
kernel=poly,gamma=100,C=1,degree=1 => f1=0.738095238095238,accuracy=92.00726612170754%
kernel=poly,gamma=100,C=10,degree=1 => f1=0.9,accuracy=96.3669391462307%
kernel=poly,gamma=100,C=100,degree=1 => f1=0.8985507246376812,accuracy=96.18528610354224%
kernel=poly,gamma=0.1,C=0.1,degree=2 => f1=0.0,accuracy=81.65304268846502%
kernel=poly,gamma=0.1,C=1,degree=2 => f1=0.19555555555555554,accuracy=83.56039963669392%
kernel=poly,gamma=0.1,C=10,degree=2 => f1=0.4927536231884059,accuracy=87.28428701180745%
kernel=poly,gamma=0.1,C=100,degree=2 => f1=0.6305732484076433,accuracy=89.46412352406902%
kernel=poly,gamma=1,C=0.1,degree=2 => f1=0.0,accuracy=81.65304268846502%
kernel=poly,gamma=1,C=1,degree=2 => f1=0.19555555555555554,accuracy=83.56039963669392%
kernel=poly,gamma=1,C=10,degree=2 => f1=0.4927536231884059,accuracy=87.28428701180745%
kernel=poly,gamma=1,C=100,degree=2 => f1=0.6305732484076433,accuracy=89.46412352406902%
kernel=poly,gamma=10,C=0.1,degree=2 => f1=0.0,accuracy=81.65304268846502%
kernel=poly,gamma=10,C=1,degree=2 => f1=0.19555555555555554,accuracy=83.56039963669392%
kernel=poly,gamma=10,C=10,degree=2 => f1=0.4927536231884059,accuracy=87.28428701180745%
kernel=poly,gamma=10,C=100,degree=2 => f1=0.6305732484076433,accuracy=89.46412352406902%
kernel=poly,gamma=100,C=0.1,degree=2 => f1=0.0,accuracy=81.65304268846502%
kernel=poly,gamma=100,C=1,degree=2 => f1=0.19555555555555554,accuracy=83.56039963669392%
kernel=poly,gamma=100,C=10,degree=2 => f1=0.4927536231884059,accuracy=87.28428701180745%
kernel=poly,gamma=100,C=100,degree=2 => f1=0.6305732484076433,accuracy=89.46412352406902%
kernel=poly,gamma=0.1,C=0.1,degree=3 => f1=0.0,accuracy=81.65304268846502%
kernel=poly,gamma=0.1,C=1,degree=3 => f1=0.01951219512195122,accuracy=81.74386920980926%
kernel=poly,gamma=0.1,C=10,degree=3 => f1=0.17937219730941703,accuracy=83.37874659400545%
kernel=poly,gamma=0.1,C=100,degree=3 => f1=0.375,accuracy=85.4677565849228%
kernel=poly,gamma=1,C=0.1,degree=3 => f1=0.0,accuracy=81.65304268846502%
kernel=poly,gamma=1,C=1,degree=3 => f1=0.01951219512195122,accuracy=81.74386920980926%
kernel=poly,gamma=1,C=10,degree=3 => f1=0.17937219730941703,accuracy=83.37874659400545%
kernel=poly,gamma=1,C=100,degree=3 => f1=0.375,accuracy=85.4677565849228%
kernel=poly,gamma=10,C=0.1,degree=3 => f1=0.0,accuracy=81.65304268846502%
kernel=poly,gamma=10,C=1,degree=3 => f1=0.01951219512195122,accuracy=81.74386920980926%
kernel=poly,gamma=10,C=10,degree=3 => f1=0.17937219730941703,accuracy=83.37874659400545%
kernel=poly,gamma=10,C=100,degree=3 => f1=0.375,accuracy=85.4677565849228%
kernel=poly,gamma=100,C=0.1,degree=3 => f1=0.0,accuracy=81.65304268846502%
kernel=poly,gamma=100,C=1,degree=3 => f1=0.01951219512195122,accuracy=81.74386920980926%
kernel=poly,gamma=100,C=10,degree=3 => f1=0.17937219730941703,accuracy=83.37874659400545%
kernel=poly,gamma=100,C=100,degree=3 => f1=0.375,accuracy=85.4677565849228%
kernel=poly,gamma=0.1,C=0.1,degree=4 => f1=0.0,accuracy=81.65304268846502%
kernel=poly,gamma=0.1,C=1,degree=4 => f1=0.0,accuracy=81.65304268846502%
kernel=poly,gamma=0.1,C=10,degree=4 => f1=0.01951219512195122,accuracy=81.74386920980926%
kernel=poly,gamma=0.1,C=100,degree=4 => f1=0.1688888888888889,accuracy=83.01544050862853%
kernel=poly,gamma=1,C=0.1,degree=4 => f1=0.0,accuracy=81.65304268846502%
kernel=poly,gamma=1,C=1,degree=4 => f1=0.0,accuracy=81.65304268846502%
kernel=poly,gamma=1,C=10,degree=4 => f1=0.01951219512195122,accuracy=81.74386920980926%
kernel=poly,gamma=1,C=100,degree=4 => f1=0.1688888888888889,accuracy=83.01544050862853%
kernel=poly,gamma=10,C=0.1,degree=4 => f1=0.0,accuracy=81.65304268846502%
kernel=poly,gamma=10,C=1,degree=4 => f1=0.0,accuracy=81.65304268846502%
kernel=poly,gamma=10,C=10,degree=4 => f1=0.01951219512195122,accuracy=81.74386920980926%
kernel=poly,gamma=10,C=100,degree=4 => f1=0.1688888888888889,accuracy=83.01544050862853%
kernel=poly,gamma=100,C=0.1,degree=4 => f1=0.0,accuracy=81.65304268846502%
kernel=poly,gamma=100,C=1,degree=4 => f1=0.0,accuracy=81.65304268846502%
kernel=poly,gamma=100,C=10,degree=4 => f1=0.01951219512195122,accuracy=81.74386920980926%
kernel=poly,gamma=100,C=100,degree=4 => f1=0.1688888888888889,accuracy=83.01544050862853%
/home/tensorflow_venv/lib/python3.5/site-packages/sklearn/metrics/classification.py:1135: UndefinedMetricWarning: F-score is ill-defined and being set to 0.0 due to no predicted samples.
  'precision', 'predicted', average, warn_for)
