kernel=linear,gamma=0.1,C=0.1 => f1=0.4217252396166134,accuracy=83.56039963669392%
kernel=linear,gamma=0.1,C=1 => f1=0.6055555555555556,accuracy=87.10263396911898%
kernel=linear,gamma=0.1,C=10 => f1=0.6415094339622641,accuracy=87.92007266121708%
kernel=linear,gamma=0.1,C=100 => f1=0.6358695652173914,accuracy=87.82924613987284%
kernel=linear,gamma=1,C=0.1 => f1=0.03200000000000001,accuracy=78.01998183469573%
kernel=linear,gamma=1,C=1 => f1=0.19117647058823528,accuracy=80.01816530426885%
kernel=linear,gamma=1,C=10 => f1=0.20363636363636362,accuracy=80.10899182561307%
kernel=linear,gamma=1,C=100 => f1=0.20363636363636362,accuracy=80.10899182561307%
kernel=linear,gamma=10,C=0.1 => f1=0.0,accuracy=77.74750227066303%
kernel=linear,gamma=10,C=1 => f1=0.12213740458015267,accuracy=79.10990009082653%
kernel=linear,gamma=10,C=10 => f1=0.12213740458015267,accuracy=79.10990009082653%
kernel=linear,gamma=10,C=100 => f1=0.12213740458015267,accuracy=79.10990009082653%
kernel=linear,gamma=100,C=0.1 => f1=0.0,accuracy=77.74750227066303%
kernel=linear,gamma=100,C=1 => f1=0.12213740458015267,accuracy=79.10990009082653%
kernel=linear,gamma=100,C=10 => f1=0.12213740458015267,accuracy=79.10990009082653%
kernel=linear,gamma=100,C=100 => f1=0.12213740458015267,accuracy=79.10990009082653%
kernel=linear,C=0.1 => f1=0.9131313131313132,accuracy=96.094459582198%
kernel=linear,C=1 => f1=0.8764940239043825,accuracy=94.36875567665759%
kernel=linear,C=10 => f1=0.7984189723320158,accuracy=90.73569482288828%
kernel=linear,C=100 => f1=0.7784200385356455,accuracy=89.55495004541326%
kernel=poly,gamma=0.1,C=0.1,degree=1 => f1=0.2109090909090909,accuracy=80.29064486830154%
kernel=poly,gamma=0.1,C=1,degree=1 => f1=0.7867298578199051,accuracy=91.82561307901908%
kernel=poly,gamma=0.1,C=10,degree=1 => f1=0.907563025210084,accuracy=96.00363306085377%
kernel=poly,gamma=0.1,C=100,degree=1 => f1=0.9105691056910569,accuracy=96.00363306085377%
kernel=poly,gamma=1,C=0.1,degree=1 => f1=0.2109090909090909,accuracy=80.29064486830154%
kernel=poly,gamma=1,C=1,degree=1 => f1=0.7867298578199051,accuracy=91.82561307901908%
kernel=poly,gamma=1,C=10,degree=1 => f1=0.907563025210084,accuracy=96.00363306085377%
kernel=poly,gamma=1,C=100,degree=1 => f1=0.9105691056910569,accuracy=96.00363306085377%
kernel=poly,gamma=10,C=0.1,degree=1 => f1=0.2109090909090909,accuracy=80.29064486830154%
kernel=poly,gamma=10,C=1,degree=1 => f1=0.7867298578199051,accuracy=91.82561307901908%
kernel=poly,gamma=10,C=10,degree=1 => f1=0.907563025210084,accuracy=96.00363306085377%
kernel=poly,gamma=10,C=100,degree=1 => f1=0.9105691056910569,accuracy=96.00363306085377%
kernel=poly,gamma=100,C=0.1,degree=1 => f1=0.2109090909090909,accuracy=80.29064486830154%
kernel=poly,gamma=100,C=1,degree=1 => f1=0.7867298578199051,accuracy=91.82561307901908%
kernel=poly,gamma=100,C=10,degree=1 => f1=0.907563025210084,accuracy=96.00363306085377%
kernel=poly,gamma=100,C=100,degree=1 => f1=0.9105691056910569,accuracy=96.00363306085377%
kernel=poly,gamma=0.1,C=0.1,degree=2 => f1=0.0,accuracy=77.74750227066303%
kernel=poly,gamma=0.1,C=1,degree=2 => f1=0.039840637450199196,accuracy=78.11080835603997%
kernel=poly,gamma=0.1,C=10,degree=2 => f1=0.42038216560509556,accuracy=83.46957311534968%
kernel=poly,gamma=0.1,C=100,degree=2 => f1=0.7135678391959798,accuracy=89.64577656675749%
kernel=poly,gamma=1,C=0.1,degree=2 => f1=0.0,accuracy=77.74750227066303%
kernel=poly,gamma=1,C=1,degree=2 => f1=0.039840637450199196,accuracy=78.11080835603997%
kernel=poly,gamma=1,C=10,degree=2 => f1=0.42038216560509556,accuracy=83.46957311534968%
kernel=poly,gamma=1,C=100,degree=2 => f1=0.7135678391959798,accuracy=89.64577656675749%
kernel=poly,gamma=10,C=0.1,degree=2 => f1=0.0,accuracy=77.74750227066303%
kernel=poly,gamma=10,C=1,degree=2 => f1=0.039840637450199196,accuracy=78.11080835603997%
kernel=poly,gamma=10,C=10,degree=2 => f1=0.42038216560509556,accuracy=83.46957311534968%
kernel=poly,gamma=10,C=100,degree=2 => f1=0.7135678391959798,accuracy=89.64577656675749%
kernel=poly,gamma=100,C=0.1,degree=2 => f1=0.0,accuracy=77.74750227066303%
kernel=poly,gamma=100,C=1,degree=2 => f1=0.039840637450199196,accuracy=78.11080835603997%
kernel=poly,gamma=100,C=10,degree=2 => f1=0.42038216560509556,accuracy=83.46957311534968%
kernel=poly,gamma=100,C=100,degree=2 => f1=0.7135678391959798,accuracy=89.64577656675749%
kernel=poly,gamma=0.1,C=0.1,degree=3 => f1=0.0,accuracy=77.74750227066303%
kernel=poly,gamma=0.1,C=1,degree=3 => f1=0.0,accuracy=77.74750227066303%
kernel=poly,gamma=0.1,C=10,degree=3 => f1=0.03200000000000001,accuracy=78.01998183469573%
kernel=poly,gamma=0.1,C=100,degree=3 => f1=0.24734982332155478,accuracy=80.65395095367847%
kernel=poly,gamma=1,C=0.1,degree=3 => f1=0.0,accuracy=77.74750227066303%
kernel=poly,gamma=1,C=1,degree=3 => f1=0.0,accuracy=77.74750227066303%
kernel=poly,gamma=1,C=10,degree=3 => f1=0.03200000000000001,accuracy=78.01998183469573%
kernel=poly,gamma=1,C=100,degree=3 => f1=0.24734982332155478,accuracy=80.65395095367847%
kernel=poly,gamma=10,C=0.1,degree=3 => f1=0.0,accuracy=77.74750227066303%
kernel=poly,gamma=10,C=1,degree=3 => f1=0.0,accuracy=77.74750227066303%
kernel=poly,gamma=10,C=10,degree=3 => f1=0.03200000000000001,accuracy=78.01998183469573%
kernel=poly,gamma=10,C=100,degree=3 => f1=0.24734982332155478,accuracy=80.65395095367847%
kernel=poly,gamma=100,C=0.1,degree=3 => f1=0.0,accuracy=77.74750227066303%
kernel=poly,gamma=100,C=1,degree=3 => f1=0.0,accuracy=77.74750227066303%
kernel=poly,gamma=100,C=10,degree=3 => f1=0.03200000000000001,accuracy=78.01998183469573%
kernel=poly,gamma=100,C=100,degree=3 => f1=0.24734982332155478,accuracy=80.65395095367847%
kernel=poly,gamma=0.1,C=0.1,degree=4 => f1=0.0,accuracy=77.74750227066303%
kernel=poly,gamma=0.1,C=1,degree=4 => f1=0.0,accuracy=77.74750227066303%
kernel=poly,gamma=0.1,C=10,degree=4 => f1=0.0,accuracy=77.74750227066303%
kernel=poly,gamma=0.1,C=100,degree=4 => f1=0.03187250996015937,accuracy=77.9291553133515%
kernel=poly,gamma=1,C=0.1,degree=4 => f1=0.0,accuracy=77.74750227066303%
kernel=poly,gamma=1,C=1,degree=4 => f1=0.0,accuracy=77.74750227066303%
kernel=poly,gamma=1,C=10,degree=4 => f1=0.0,accuracy=77.74750227066303%
kernel=poly,gamma=1,C=100,degree=4 => f1=0.03187250996015937,accuracy=77.9291553133515%
kernel=poly,gamma=10,C=0.1,degree=4 => f1=0.0,accuracy=77.74750227066303%
kernel=poly,gamma=10,C=1,degree=4 => f1=0.0,accuracy=77.74750227066303%
kernel=poly,gamma=10,C=10,degree=4 => f1=0.0,accuracy=77.74750227066303%
kernel=poly,gamma=10,C=100,degree=4 => f1=0.03187250996015937,accuracy=77.9291553133515%
kernel=poly,gamma=100,C=0.1,degree=4 => f1=0.0,accuracy=77.74750227066303%
kernel=poly,gamma=100,C=1,degree=4 => f1=0.0,accuracy=77.74750227066303%
kernel=poly,gamma=100,C=10,degree=4 => f1=0.0,accuracy=77.74750227066303%
kernel=poly,gamma=100,C=100,degree=4 => f1=0.03187250996015937,accuracy=77.9291553133515%
/home/tensorflow_venv/lib/python3.5/site-packages/sklearn/metrics/classification.py:1135: UndefinedMetricWarning: F-score is ill-defined and being set to 0.0 due to no predicted samples.
  'precision', 'predicted', average, warn_for)
